<?xml version="1.0" encoding="UTF-8"?>
<!-- Generated by org.testng.reporters.JUnitReportReporter -->
<testsuite hostname="DESKTOP-O88MU2H" failures="0" tests="1" name="test_Scripts.LoginEmailTestCase_02" time="0.943" errors="0" timestamp="2022-11-30T11:52:16 IST" skipped="0">
  <testcase classname="test_Scripts.LoginEmailTestCase_02" name="testScript1" time="0.943"/>
  <system-out/>
</testsuite> <!-- test_Scripts.LoginEmailTestCase_02 -->
