<?xml version="1.0" encoding="UTF-8"?>
<!-- Generated by org.testng.reporters.JUnitReportReporter -->
<testsuite hostname="DESKTOP-O88MU2H" failures="0" tests="1" name="test_Scripts.LoginNumberFail_TC_01" time="2.882" errors="0" timestamp="2022-11-30T23:26:02 IST" skipped="0">
  <testcase classname="test_Scripts.LoginNumberFail_TC_01" name="testScript1" time="2.882"/>
  <system-out/>
</testsuite> <!-- test_Scripts.LoginNumberFail_TC_01 -->
