<?xml version="1.0" encoding="UTF-8"?>
<!-- Generated by org.testng.reporters.JUnitReportReporter -->
<testsuite hostname="DESKTOP-O88MU2H" failures="0" tests="1" name="test_Scripts.SignUp_TestCase_01" time="25.651" errors="0" timestamp="2022-11-30T15:03:38 IST" skipped="0">
  <testcase classname="test_Scripts.SignUp_TestCase_01" name="testScript1" time="25.651"/>
  <system-out/>
</testsuite> <!-- test_Scripts.SignUp_TestCase_01 -->
